2025-07-09 22:25:15,182 - DEBUG - Starting main
2025-07-09 22:25:15,183 - DEBUG - Created pipe
2025-07-09 22:25:15,186 - DEBUG - Started GTK process with PID 19776
2025-07-09 22:25:15,193 - DEBUG - Initialized QApplication
2025-07-09 22:25:16,295 - DEBUG - STREAM b'IHDR' 16 13
2025-07-09 22:25:16,295 - DEBUG - STREAM b'pHYs' 41 9
2025-07-09 22:25:16,295 - DEBUG - STREAM b'sRGB' 62 1
2025-07-09 22:25:16,295 - DEBUG - STREAM b'gAMA' 75 4
2025-07-09 22:25:16,295 - DEBUG - STREAM b'IDAT' 91 43583
2025-07-09 22:25:17,506 - DEBUG - Initialized SystemTray
2025-07-09 22:27:35,077 - DEBUG - Starting main
2025-07-09 22:27:35,077 - DEBUG - Created pipe
2025-07-09 22:27:35,080 - DEBUG - Started GTK process with PID 20315
2025-07-09 22:27:35,090 - DEBUG - Initialized QApplication
2025-07-09 22:27:36,199 - DEBUG - STREAM b'IHDR' 16 13
2025-07-09 22:27:36,199 - DEBUG - STREAM b'pHYs' 41 9
2025-07-09 22:27:36,199 - DEBUG - STREAM b'sRGB' 62 1
2025-07-09 22:27:36,199 - DEBUG - STREAM b'gAMA' 75 4
2025-07-09 22:27:36,199 - DEBUG - STREAM b'IDAT' 91 43583
2025-07-09 22:27:37,410 - DEBUG - Initialized SystemTray
2025-07-15 17:53:19,967 - DEBUG - Indexing exit nodes
2025-07-15 17:53:19,996 - DEBUG - Setting SSH and routes
2025-07-15 17:53:21,163 - DEBUG - STREAM b'IHDR' 16 13
2025-07-15 17:53:21,163 - DEBUG - STREAM b'pHYs' 41 9
2025-07-15 17:53:21,163 - DEBUG - STREAM b'sRGB' 62 1
2025-07-15 17:53:21,164 - DEBUG - STREAM b'gAMA' 75 4
2025-07-15 17:53:21,164 - DEBUG - STREAM b'IDAT' 91 43583
2025-07-15 18:09:56,545 - DEBUG - Indexing exit nodes
2025-07-15 18:09:56,572 - DEBUG - Setting SSH and routes
2025-07-15 18:09:57,772 - DEBUG - STREAM b'IHDR' 16 13
2025-07-15 18:09:57,772 - DEBUG - STREAM b'pHYs' 41 9
2025-07-15 18:09:57,772 - DEBUG - STREAM b'sRGB' 62 1
2025-07-15 18:09:57,772 - DEBUG - STREAM b'gAMA' 75 4
2025-07-15 18:09:57,772 - DEBUG - STREAM b'IDAT' 91 43583
2025-07-15 18:10:40,497 - DEBUG - Indexing exit nodes
2025-07-15 18:10:40,523 - DEBUG - Setting SSH and routes
2025-07-15 18:10:41,741 - DEBUG - STREAM b'IHDR' 16 13
2025-07-15 18:10:41,741 - DEBUG - STREAM b'pHYs' 41 9
2025-07-15 18:10:41,741 - DEBUG - STREAM b'sRGB' 62 1
2025-07-15 18:10:41,741 - DEBUG - STREAM b'gAMA' 75 4
2025-07-15 18:10:41,741 - DEBUG - STREAM b'IDAT' 91 43583
2025-07-15 18:10:56,362 - DEBUG - Indexing exit nodes
2025-07-15 18:10:56,387 - DEBUG - Setting SSH and routes
2025-07-15 18:10:57,547 - DEBUG - STREAM b'IHDR' 16 13
2025-07-15 18:10:57,548 - DEBUG - STREAM b'pHYs' 41 9
2025-07-15 18:10:57,548 - DEBUG - STREAM b'sRGB' 62 1
2025-07-15 18:10:57,548 - DEBUG - STREAM b'gAMA' 75 4
2025-07-15 18:10:57,548 - DEBUG - STREAM b'IDAT' 91 43583
